<?xml version="1.0" encoding="UTF-8" ?>
<testsuite tests="6" failures="0" name="RoomTest" time="0" errors="0" skipped="0">
  <properties>
[...]
</properties>
  <testcase classname="RoomTest" name="testGetName" time="0"/>
  <testcase classname="RoomTest" name="testSetMeetings" time="0"/>
  <testcase classname="RoomTest" name="testSetCapacity" time="0"/>
  <testcase classname="RoomTest" name="testGetCapacity" time="0"/>
  <testcase classname="RoomTest" name="testSetName" time="0"/>
  <testcase classname="RoomTest" name="testAddMeeting" time="0"/>
</testsuite>